<?xml version="1.0" encoding="UTF-8"?>
<!-- Generated by org.testng.reporters.JUnitReportReporter -->
<testsuite skipped="0" hostname="LAPTOP-972LT3RD" name="demomaven.demomaven.NewTest2" tests="1" failures="0" timestamp="10 May 2019 17:11:06 GMT" time="0.000" errors="0">
  <testcase name="f" time="0.000" classname="demomaven.demomaven.NewTest2"/>
</testsuite> <!-- demomaven.demomaven.NewTest2 -->
